<?xml version="1.0" encoding="UTF-8"?>
<testng-results ignored="0" total="1" passed="1" failed="0" skipped="0">
  <reporter-output>
  </reporter-output>
  <suite started-at="2024-10-07T22:41:00 EET" name="Default suite" finished-at="2024-10-07T22:41:03 EET" duration-ms="3242">
    <groups>
    </groups>
    <test started-at="2024-10-07T22:41:00 EET" name="Default test" finished-at="2024-10-07T22:41:03 EET" duration-ms="3242">
      <class name="myproject">
        <test-method is-config="true" signature="mystub()[pri:0, instance:myproject@5b068087]" started-at="2024-10-07T22:41:00 EET" name="mystub" finished-at="2024-10-07T22:41:02 EET" duration-ms="2225" status="PASS">
          <reporter-output>
          </reporter-output>
        </test-method> <!-- mystub -->
        <test-method signature="login()[pri:0, instance:myproject@5b068087]" started-at="2024-10-07T22:41:02 EET" name="login" finished-at="2024-10-07T22:41:03 EET" duration-ms="989" status="PASS">
          <reporter-output>
          </reporter-output>
        </test-method> <!-- login -->
      </class> <!-- myproject -->
    </test> <!-- Default test -->
  </suite> <!-- Default suite -->
</testng-results>
